Performing C SOURCE FILE Test CMAKE_HAVE_LIBC_PTHREAD failed with the following output:
Change Dir: /mnt/e/cppProjects/007_cppgrpc/cmake/build/CMakeFiles/CMakeTmp

Run Build Command(s):/usr/bin/make cmTC_bed74/fast && make: Warning: File 'Makefile' has modification time 1.2 s in the future
/usr/bin/make -f CMakeFiles/cmTC_bed74.dir/build.make CMakeFiles/cmTC_bed74.dir/build
make[1]: Entering directory '/mnt/e/cppProjects/007_cppgrpc/cmake/build/CMakeFiles/CMakeTmp'
make[1]: Warning: File 'CMakeFiles/cmTC_bed74.dir/flags.make' has modification time 1.2 s in the future
Building C object CMakeFiles/cmTC_bed74.dir/src.c.o
/usr/bin/cc   -DCMAKE_HAVE_LIBC_PTHREAD   -o CMakeFiles/cmTC_bed74.dir/src.c.o   -c /mnt/e/cppProjects/007_cppgrpc/cmake/build/CMakeFiles/CMakeTmp/src.c
Linking C executable cmTC_bed74
/usr/bin/cmake -E cmake_link_script CMakeFiles/cmTC_bed74.dir/link.txt --verbose=1
/usr/bin/cc  -DCMAKE_HAVE_LIBC_PTHREAD    CMakeFiles/cmTC_bed74.dir/src.c.o  -o cmTC_bed74 
/usr/bin/ld: CMakeFiles/cmTC_bed74.dir/src.c.o: in function `main':
src.c:(.text+0x3e): undefined reference to `pthread_create'
/usr/bin/ld: src.c:(.text+0x4a): undefined reference to `pthread_detach'
/usr/bin/ld: src.c:(.text+0x5b): undefined reference to `pthread_join'
collect2: error: ld returned 1 exit status
make[1]: *** [CMakeFiles/cmTC_bed74.dir/build.make:87: cmTC_bed74] Error 1
make[1]: Leaving directory '/mnt/e/cppProjects/007_cppgrpc/cmake/build/CMakeFiles/CMakeTmp'
make: *** [Makefile:121: cmTC_bed74/fast] Error 2


Source file was:
#include <pthread.h>

void* test_func(void* data)
{
  return data;
}

int main(void)
{
  pthread_t thread;
  pthread_create(&thread, NULL, test_func, NULL);
  pthread_detach(thread);
  pthread_join(thread, NULL);
  pthread_atfork(NULL, NULL, NULL);
  pthread_exit(NULL);

  return 0;
}

Determining if the function pthread_create exists in the pthreads failed with the following output:
Change Dir: /mnt/e/cppProjects/007_cppgrpc/cmake/build/CMakeFiles/CMakeTmp

Run Build Command(s):/usr/bin/make cmTC_1dceb/fast && make: Warning: File 'Makefile' has modification time 1.2 s in the future
/usr/bin/make -f CMakeFiles/cmTC_1dceb.dir/build.make CMakeFiles/cmTC_1dceb.dir/build
make[1]: Entering directory '/mnt/e/cppProjects/007_cppgrpc/cmake/build/CMakeFiles/CMakeTmp'
make[1]: Warning: File 'CMakeFiles/cmTC_1dceb.dir/flags.make' has modification time 1.2 s in the future
Building C object CMakeFiles/cmTC_1dceb.dir/CheckFunctionExists.c.o
/usr/bin/cc   -DCHECK_FUNCTION_EXISTS=pthread_create   -o CMakeFiles/cmTC_1dceb.dir/CheckFunctionExists.c.o   -c /usr/share/cmake-3.16/Modules/CheckFunctionExists.c
Linking C executable cmTC_1dceb
/usr/bin/cmake -E cmake_link_script CMakeFiles/cmTC_1dceb.dir/link.txt --verbose=1
/usr/bin/cc  -DCHECK_FUNCTION_EXISTS=pthread_create    CMakeFiles/cmTC_1dceb.dir/CheckFunctionExists.c.o  -o cmTC_1dceb  -lpthreads 
/usr/bin/ld: cannot find -lpthreads
collect2: error: ld returned 1 exit status
make[1]: *** [CMakeFiles/cmTC_1dceb.dir/build.make:87: cmTC_1dceb] Error 1
make[1]: Leaving directory '/mnt/e/cppProjects/007_cppgrpc/cmake/build/CMakeFiles/CMakeTmp'
make: *** [Makefile:121: cmTC_1dceb/fast] Error 2



