Performing C SOURCE FILE Test CMAKE_HAVE_LIBC_PTHREAD failed with the following output:
Change Dir: /mnt/e/cppProjects/015_cpp_grpc/build/CMakeFiles/CMakeTmp

Run Build Command(s):/usr/bin/make cmTC_92df5/fast && make: Warning: File 'Makefile' has modification time 269644 s in the future
/usr/bin/make -f CMakeFiles/cmTC_92df5.dir/build.make CMakeFiles/cmTC_92df5.dir/build
make[1]: Entering directory '/mnt/e/cppProjects/015_cpp_grpc/build/CMakeFiles/CMakeTmp'
make[1]: Warning: File 'CMakeFiles/cmTC_92df5.dir/flags.make' has modification time 269644 s in the future
Building C object CMakeFiles/cmTC_92df5.dir/src.c.o
/bin/x86_64-linux-gnu-gcc-4.8   -DCMAKE_HAVE_LIBC_PTHREAD   -o CMakeFiles/cmTC_92df5.dir/src.c.o   -c /mnt/e/cppProjects/015_cpp_grpc/build/CMakeFiles/CMakeTmp/src.c
Linking C executable cmTC_92df5
/usr/bin/cmake -E cmake_link_script CMakeFiles/cmTC_92df5.dir/link.txt --verbose=1
/bin/x86_64-linux-gnu-gcc-4.8  -DCMAKE_HAVE_LIBC_PTHREAD    CMakeFiles/cmTC_92df5.dir/src.c.o  -o cmTC_92df5 
/usr/bin/ld: CMakeFiles/cmTC_92df5.dir/src.c.o: in function `main':
src.c:(.text+0x2d): undefined reference to `pthread_create'
/usr/bin/ld: src.c:(.text+0x39): undefined reference to `pthread_detach'
/usr/bin/ld: src.c:(.text+0x4a): undefined reference to `pthread_join'
collect2: error: ld returned 1 exit status
make[1]: *** [CMakeFiles/cmTC_92df5.dir/build.make:87: cmTC_92df5] Error 1
make[1]: Leaving directory '/mnt/e/cppProjects/015_cpp_grpc/build/CMakeFiles/CMakeTmp'
make: *** [Makefile:121: cmTC_92df5/fast] Error 2


Source file was:
#include <pthread.h>

void* test_func(void* data)
{
  return data;
}

int main(void)
{
  pthread_t thread;
  pthread_create(&thread, NULL, test_func, NULL);
  pthread_detach(thread);
  pthread_join(thread, NULL);
  pthread_atfork(NULL, NULL, NULL);
  pthread_exit(NULL);

  return 0;
}

Determining if the function pthread_create exists in the pthreads failed with the following output:
Change Dir: /mnt/e/cppProjects/015_cpp_grpc/build/CMakeFiles/CMakeTmp

Run Build Command(s):/usr/bin/make cmTC_5c528/fast && make: Warning: File 'Makefile' has modification time 269644 s in the future
/usr/bin/make -f CMakeFiles/cmTC_5c528.dir/build.make CMakeFiles/cmTC_5c528.dir/build
make[1]: Entering directory '/mnt/e/cppProjects/015_cpp_grpc/build/CMakeFiles/CMakeTmp'
make[1]: Warning: File 'CMakeFiles/cmTC_5c528.dir/flags.make' has modification time 269644 s in the future
Building C object CMakeFiles/cmTC_5c528.dir/CheckFunctionExists.c.o
/bin/x86_64-linux-gnu-gcc-4.8   -DCHECK_FUNCTION_EXISTS=pthread_create   -o CMakeFiles/cmTC_5c528.dir/CheckFunctionExists.c.o   -c /usr/share/cmake-3.16/Modules/CheckFunctionExists.c
Linking C executable cmTC_5c528
/usr/bin/cmake -E cmake_link_script CMakeFiles/cmTC_5c528.dir/link.txt --verbose=1
/bin/x86_64-linux-gnu-gcc-4.8  -DCHECK_FUNCTION_EXISTS=pthread_create    CMakeFiles/cmTC_5c528.dir/CheckFunctionExists.c.o  -o cmTC_5c528  -lpthreads 
/usr/bin/ld: cannot find -lpthreads
collect2: error: ld returned 1 exit status
make[1]: *** [CMakeFiles/cmTC_5c528.dir/build.make:87: cmTC_5c528] Error 1
make[1]: Leaving directory '/mnt/e/cppProjects/015_cpp_grpc/build/CMakeFiles/CMakeTmp'
make: *** [Makefile:121: cmTC_5c528/fast] Error 2



